<?xml version="1.0" encoding="UTF-8"?>
<!-- Generated by org.testng.reporters.JUnitReportReporter -->
<testsuite hostname="LAPTOP-9FMP14JQ" failures="0" tests="1" name="org.ng.RunnerTestEx" time="0.505" errors="0" timestamp="2023-12-20T13:59:32 IST" skipped="0">
  <testcase classname="org.ng.RunnerTestEx" name="readExcel" time="0.505"/>
</testsuite> <!-- org.ng.RunnerTestEx -->
